\BOOKMARK [1][-]{section.1}{Outline}{}% 1
\BOOKMARK [2][-]{subsection.1.1}{Weather forecasting with machine learning}{section.1}% 2
\BOOKMARK [2][-]{subsection.1.2}{Goal}{section.1}% 3
\BOOKMARK [2][-]{subsection.1.3}{Objectives}{section.1}% 4
\BOOKMARK [2][-]{subsection.1.4}{Continuous data acquisition}{section.1}% 5
\BOOKMARK [2][-]{subsection.1.5}{Why is this topic important?}{section.1}% 6
\BOOKMARK [2][-]{subsection.1.6}{How could I formulate my hypothesis?}{section.1}% 7
\BOOKMARK [2][-]{subsection.1.7}{What are my results?}{section.1}% 8
\BOOKMARK [2][-]{subsection.1.8}{What is my major finding?}{section.1}% 9
\BOOKMARK [1][-]{section.2}{Context and structure}{}% 10
\BOOKMARK [2][-]{subsection.2.1}{Introduction}{section.2}% 11
\BOOKMARK [3][-]{subsubsection.2.1.1}{Why is this research important?}{subsection.2.1}% 12
\BOOKMARK [3][-]{subsubsection.2.1.2}{What is known about this topic?}{subsection.2.1}% 13
\BOOKMARK [3][-]{subsubsection.2.1.3}{What are my hypothesis?}{subsection.2.1}% 14
\BOOKMARK [3][-]{subsubsection.2.1.4}{What are my objectives?}{subsection.2.1}% 15
\BOOKMARK [2][-]{subsection.2.2}{Methods}{section.2}% 16
\BOOKMARK [3][-]{subsubsection.2.2.1}{What is the object of study?}{subsection.2.2}% 17
\BOOKMARK [3][-]{subsubsection.2.2.2}{What are thw research procedures to apply?}{subsection.2.2}% 18
\BOOKMARK [2][-]{subsection.2.3}{Results}{section.2}% 19
\BOOKMARK [3][-]{subsubsection.2.3.1}{What are the most significant results of this work?}{subsection.2.3}% 20
\BOOKMARK [3][-]{subsubsection.2.3.2}{What are the supporting results of this work?}{subsection.2.3}% 21
\BOOKMARK [2][-]{subsection.2.4}{Discussion and conclusion}{section.2}% 22
\BOOKMARK [3][-]{subsubsection.2.4.1}{What are the major findings of this work?}{subsection.2.4}% 23
\BOOKMARK [3][-]{subsubsection.2.4.2}{What is the significance of these findings?}{subsection.2.4}% 24
